2025-05-29 12:05:53,285 - INFO - 🚀 ROBUST CRHOY SCRAPER STARTED
2025-05-29 12:05:53,285 - INFO - 📁 Session Directory: LOGS/session_20250529_120553
2025-05-29 12:05:53,352 - INFO - Successfully connected to Supabase
2025-05-29 12:05:53,352 - INFO - ✅ Database connection established
2025-05-29 12:05:53,352 - INFO - 📅 Scraping date range: 2024-05-08 to 2024-05-09
2025-05-29 12:05:54,301 - INFO - Chrome driver initialized successfully
2025-05-29 12:05:54,302 - INFO - 
→ Scraping 2024-05-08 (Day 1)
2025-05-29 12:05:54,604 - INFO - Found 97 URLs for 2024-05-08
2025-05-29 12:05:54,604 - INFO - Limiting to first 3
2025-05-29 12:05:54,604 - INFO - Processing 1/3: https://www.crhoy.com/mundo/eeuu-retiene-entrega-de-armas-a-israel-tras-bombardeo-en-rafah/ 
2025-05-29 12:06:21,709 - INFO - Successfully scraped: EEUU retiene entrega de armas a Israel tras bombar...
2025-05-29 12:06:24,585 - INFO - Processing 2/3: https://www.crhoy.com/deportes/herediano-triunfa-y-no-tira-la-toalla-en-su-lucha-por-el-liderato/ 
2025-05-29 12:06:52,773 - INFO - Successfully scraped: Herediano triunfa y no tira la toalla en su lucha ...
2025-05-29 12:06:56,223 - INFO - Processing 3/3: https://www.crhoy.com/nacionales/atencion-ice-anuncia-fecha-de-inicio-de-racionamientos-electricos/ 
2025-05-29 12:07:24,264 - INFO - Successfully scraped: Atención: ICE anuncia fecha de inicio de racionami...
2025-05-29 12:07:28,891 - INFO - Successfully scraped 3 articles for 2024-05-08
2025-05-29 12:07:28,893 - INFO - Scraped 3 articles for 2024-05-08
2025-05-29 12:07:28,893 - INFO - Taking break between dates (7.8s)...
2025-05-29 12:07:36,667 - INFO - 
→ Scraping 2024-05-09 (Day 2)
2025-05-29 12:07:36,972 - INFO - Found 94 URLs for 2024-05-09
2025-05-29 12:07:36,973 - INFO - Limiting to first 3
2025-05-29 12:07:36,973 - INFO - Processing 1/3: https://www.crhoy.com/mundo/el-nino-causa-estragos-en-varios-paises-de-america-incluida-costa-rica/ 
2025-05-29 12:08:04,594 - INFO - Successfully scraped: Ola de calor e inundaciones: El Niño causa estrago...
2025-05-29 12:08:08,338 - INFO - Processing 2/3: https://www.crhoy.com/entretenimiento/debi-nova-presenta-su-nuevo-disco-titulado-dar-vida/ 
2025-05-29 12:08:35,726 - INFO - Successfully scraped: Debi Nova presenta su nuevo disco titulado “Dar Vi...
2025-05-29 12:08:40,110 - INFO - Processing 3/3: https://www.crhoy.com/nacionales/cnfl-dara-mas-detalles-sobre-racionamientos-este-viernes/ 
2025-05-29 12:09:08,848 - INFO - Successfully scraped: CNFL dará más detalles sobre racionamientos este v...
2025-05-29 12:09:12,259 - INFO - Successfully scraped 3 articles for 2024-05-09
2025-05-29 12:09:12,260 - INFO - Scraped 3 articles for 2024-05-09
2025-05-29 12:09:12,260 - INFO - Range scraping complete. Total articles: 6
2025-05-29 12:09:12,381 - INFO - Driver cleaned up successfully
2025-05-29 12:09:12,382 - INFO - ✅ Scraped 6 articles
2025-05-29 12:09:12,382 - INFO - Starting batch save of 6 articles
2025-05-29 12:09:12,382 - INFO - Processing article 1/6: EEUU retiene entrega de armas a Israel tras bombar...
2025-05-29 12:09:12,863 - INFO - HTTP Request: GET https://ezastdzwipwvtebvwrhx.supabase.co/rest/v1/articles?select=id&url=eq.https%3A%2F%2Fwww.crhoy.com%2Fmundo%2Feeuu-retiene-entrega-de-armas-a-israel-tras-bombardeo-en-rafah%2F+ "HTTP/2 200 OK"
2025-05-29 12:09:13,044 - INFO - HTTP Request: GET https://ezastdzwipwvtebvwrhx.supabase.co/rest/v1/articles?select=id&url=eq.https%3A%2F%2Fwww.crhoy.com%2Fmundo%2Feeuu-retiene-entrega-de-armas-a-israel-tras-bombardeo-en-rafah%2F+ "HTTP/2 200 OK"
2025-05-29 12:09:13,220 - INFO - HTTP Request: GET https://ezastdzwipwvtebvwrhx.supabase.co/rest/v1/articles?select=%2A&limit=0 "HTTP/2 200 OK"
2025-05-29 12:09:13,403 - INFO - HTTP Request: GET https://ezastdzwipwvtebvwrhx.supabase.co/rest/v1/articles?select=%2A&limit=1 "HTTP/2 200 OK"
2025-05-29 12:09:13,624 - INFO - HTTP Request: POST https://ezastdzwipwvtebvwrhx.supabase.co/rest/v1/articles "HTTP/2 201 Created"
2025-05-29 12:09:13,627 - INFO - Successfully saved article: EEUU retiene entrega de armas a Israel tras bombar...
2025-05-29 12:09:13,627 - INFO - Processing article 2/6: Herediano triunfa y no tira la toalla en su lucha ...
2025-05-29 12:09:13,809 - INFO - HTTP Request: GET https://ezastdzwipwvtebvwrhx.supabase.co/rest/v1/articles?select=id&url=eq.https%3A%2F%2Fwww.crhoy.com%2Fdeportes%2Fherediano-triunfa-y-no-tira-la-toalla-en-su-lucha-por-el-liderato%2F+ "HTTP/2 200 OK"
2025-05-29 12:09:13,983 - INFO - HTTP Request: GET https://ezastdzwipwvtebvwrhx.supabase.co/rest/v1/articles?select=id&url=eq.https%3A%2F%2Fwww.crhoy.com%2Fdeportes%2Fherediano-triunfa-y-no-tira-la-toalla-en-su-lucha-por-el-liderato%2F+ "HTTP/2 200 OK"
2025-05-29 12:09:14,103 - INFO - HTTP Request: GET https://ezastdzwipwvtebvwrhx.supabase.co/rest/v1/articles?select=%2A&limit=0 "HTTP/2 200 OK"
2025-05-29 12:09:14,276 - INFO - HTTP Request: GET https://ezastdzwipwvtebvwrhx.supabase.co/rest/v1/articles?select=%2A&limit=1 "HTTP/2 200 OK"
2025-05-29 12:09:14,456 - INFO - HTTP Request: POST https://ezastdzwipwvtebvwrhx.supabase.co/rest/v1/articles "HTTP/2 201 Created"
2025-05-29 12:09:14,458 - INFO - Successfully saved article: Herediano triunfa y no tira la toalla en su lucha ...
2025-05-29 12:09:14,458 - INFO - Processing article 3/6: Atención: ICE anuncia fecha de inicio de racionami...
2025-05-29 12:09:14,636 - INFO - HTTP Request: GET https://ezastdzwipwvtebvwrhx.supabase.co/rest/v1/articles?select=id&url=eq.https%3A%2F%2Fwww.crhoy.com%2Fnacionales%2Fatencion-ice-anuncia-fecha-de-inicio-de-racionamientos-electricos%2F+ "HTTP/2 200 OK"
2025-05-29 12:09:14,806 - INFO - HTTP Request: GET https://ezastdzwipwvtebvwrhx.supabase.co/rest/v1/articles?select=id&url=eq.https%3A%2F%2Fwww.crhoy.com%2Fnacionales%2Fatencion-ice-anuncia-fecha-de-inicio-de-racionamientos-electricos%2F+ "HTTP/2 200 OK"
2025-05-29 12:09:14,992 - INFO - HTTP Request: GET https://ezastdzwipwvtebvwrhx.supabase.co/rest/v1/articles?select=%2A&limit=0 "HTTP/2 200 OK"
2025-05-29 12:09:15,112 - INFO - HTTP Request: GET https://ezastdzwipwvtebvwrhx.supabase.co/rest/v1/articles?select=%2A&limit=1 "HTTP/2 200 OK"
2025-05-29 12:09:15,234 - INFO - HTTP Request: POST https://ezastdzwipwvtebvwrhx.supabase.co/rest/v1/articles "HTTP/2 201 Created"
2025-05-29 12:09:15,235 - INFO - Successfully saved article: Atención: ICE anuncia fecha de inicio de racionami...
2025-05-29 12:09:15,235 - INFO - Processing article 4/6: Ola de calor e inundaciones: El Niño causa estrago...
2025-05-29 12:09:15,369 - INFO - HTTP Request: GET https://ezastdzwipwvtebvwrhx.supabase.co/rest/v1/articles?select=id&url=eq.https%3A%2F%2Fwww.crhoy.com%2Fmundo%2Fel-nino-causa-estragos-en-varios-paises-de-america-incluida-costa-rica%2F+ "HTTP/2 200 OK"
2025-05-29 12:09:15,496 - INFO - HTTP Request: GET https://ezastdzwipwvtebvwrhx.supabase.co/rest/v1/articles?select=id&url=eq.https%3A%2F%2Fwww.crhoy.com%2Fmundo%2Fel-nino-causa-estragos-en-varios-paises-de-america-incluida-costa-rica%2F+ "HTTP/2 200 OK"
2025-05-29 12:09:15,617 - INFO - HTTP Request: GET https://ezastdzwipwvtebvwrhx.supabase.co/rest/v1/articles?select=%2A&limit=0 "HTTP/2 200 OK"
2025-05-29 12:09:15,816 - INFO - HTTP Request: GET https://ezastdzwipwvtebvwrhx.supabase.co/rest/v1/articles?select=%2A&limit=1 "HTTP/2 200 OK"
2025-05-29 12:09:15,967 - INFO - HTTP Request: POST https://ezastdzwipwvtebvwrhx.supabase.co/rest/v1/articles "HTTP/2 201 Created"
2025-05-29 12:09:15,968 - INFO - Successfully saved article: Ola de calor e inundaciones: El Niño causa estrago...
2025-05-29 12:09:15,968 - INFO - Processing article 5/6: Debi Nova presenta su nuevo disco titulado “Dar Vi...
2025-05-29 12:09:16,093 - INFO - HTTP Request: GET https://ezastdzwipwvtebvwrhx.supabase.co/rest/v1/articles?select=id&url=eq.https%3A%2F%2Fwww.crhoy.com%2Fentretenimiento%2Fdebi-nova-presenta-su-nuevo-disco-titulado-dar-vida%2F+ "HTTP/2 200 OK"
2025-05-29 12:09:16,271 - INFO - HTTP Request: GET https://ezastdzwipwvtebvwrhx.supabase.co/rest/v1/articles?select=id&url=eq.https%3A%2F%2Fwww.crhoy.com%2Fentretenimiento%2Fdebi-nova-presenta-su-nuevo-disco-titulado-dar-vida%2F+ "HTTP/2 200 OK"
2025-05-29 12:09:16,469 - INFO - HTTP Request: GET https://ezastdzwipwvtebvwrhx.supabase.co/rest/v1/articles?select=%2A&limit=0 "HTTP/2 200 OK"
2025-05-29 12:09:16,692 - INFO - HTTP Request: GET https://ezastdzwipwvtebvwrhx.supabase.co/rest/v1/articles?select=%2A&limit=1 "HTTP/2 200 OK"
2025-05-29 12:09:16,844 - INFO - HTTP Request: POST https://ezastdzwipwvtebvwrhx.supabase.co/rest/v1/articles "HTTP/2 201 Created"
2025-05-29 12:09:16,845 - INFO - Successfully saved article: Debi Nova presenta su nuevo disco titulado “Dar Vi...
2025-05-29 12:09:16,845 - INFO - Processing article 6/6: CNFL dará más detalles sobre racionamientos este v...
2025-05-29 12:09:17,017 - INFO - HTTP Request: GET https://ezastdzwipwvtebvwrhx.supabase.co/rest/v1/articles?select=id&url=eq.https%3A%2F%2Fwww.crhoy.com%2Fnacionales%2Fcnfl-dara-mas-detalles-sobre-racionamientos-este-viernes%2F+ "HTTP/2 200 OK"
2025-05-29 12:09:17,165 - INFO - HTTP Request: GET https://ezastdzwipwvtebvwrhx.supabase.co/rest/v1/articles?select=id&url=eq.https%3A%2F%2Fwww.crhoy.com%2Fnacionales%2Fcnfl-dara-mas-detalles-sobre-racionamientos-este-viernes%2F+ "HTTP/2 200 OK"
2025-05-29 12:09:17,339 - INFO - HTTP Request: GET https://ezastdzwipwvtebvwrhx.supabase.co/rest/v1/articles?select=%2A&limit=0 "HTTP/2 200 OK"
2025-05-29 12:09:17,460 - INFO - HTTP Request: GET https://ezastdzwipwvtebvwrhx.supabase.co/rest/v1/articles?select=%2A&limit=1 "HTTP/2 200 OK"
2025-05-29 12:09:17,663 - INFO - HTTP Request: POST https://ezastdzwipwvtebvwrhx.supabase.co/rest/v1/articles "HTTP/2 201 Created"
2025-05-29 12:09:17,665 - INFO - Successfully saved article: CNFL dará más detalles sobre racionamientos este v...
2025-05-29 12:09:17,665 - INFO - Batch save complete: {'success': 6, 'failed': 0, 'duplicates': 0, 'invalid': 0}
2025-05-29 12:09:17,665 - INFO - 💾 Database: {'success': 6, 'failed': 0, 'duplicates': 0, 'invalid': 0}
2025-05-29 12:09:17,665 - INFO - ✅ Scraping completed successfully
